Determining if the pthread_create exist failed with the following output:
Change Dir: /home/ubuntu/environment/aws-robomaker-sample-application-helloworld/robot_ws/build/turtlebot3_description_reduced_mesh/CMakeFiles/CMakeTmp

Run Build Command:"/usr/bin/make" "cmTC_daf53/fast"
/usr/bin/make -f CMakeFiles/cmTC_daf53.dir/build.make CMakeFiles/cmTC_daf53.dir/build
make[1]: Entering directory '/home/ubuntu/environment/aws-robomaker-sample-application-helloworld/robot_ws/build/turtlebot3_description_reduced_mesh/CMakeFiles/CMakeTmp'
Building C object CMakeFiles/cmTC_daf53.dir/CheckSymbolExists.c.o
/usr/bin/cc    -o CMakeFiles/cmTC_daf53.dir/CheckSymbolExists.c.o   -c /home/ubuntu/environment/aws-robomaker-sample-application-helloworld/robot_ws/build/turtlebot3_description_reduced_mesh/CMakeFiles/CMakeTmp/CheckSymbolExists.c
Linking C executable cmTC_daf53
/usr/bin/cmake -E cmake_link_script CMakeFiles/cmTC_daf53.dir/link.txt --verbose=1
/usr/bin/cc      -rdynamic CMakeFiles/cmTC_daf53.dir/CheckSymbolExists.c.o  -o cmTC_daf53 
CMakeFiles/cmTC_daf53.dir/CheckSymbolExists.c.o: In function `main':
CheckSymbolExists.c:(.text+0x1b): undefined reference to `pthread_create'
collect2: error: ld returned 1 exit status
CMakeFiles/cmTC_daf53.dir/build.make:97: recipe for target 'cmTC_daf53' failed
make[1]: *** [cmTC_daf53] Error 1
make[1]: Leaving directory '/home/ubuntu/environment/aws-robomaker-sample-application-helloworld/robot_ws/build/turtlebot3_description_reduced_mesh/CMakeFiles/CMakeTmp'
Makefile:126: recipe for target 'cmTC_daf53/fast' failed
make: *** [cmTC_daf53/fast] Error 2

File /home/ubuntu/environment/aws-robomaker-sample-application-helloworld/robot_ws/build/turtlebot3_description_reduced_mesh/CMakeFiles/CMakeTmp/CheckSymbolExists.c:
/* */
#include <pthread.h>

int main(int argc, char** argv)
{
  (void)argv;
#ifndef pthread_create
  return ((int*)(&pthread_create))[argc];
#else
  (void)argc;
  return 0;
#endif
}

Determining if the function pthread_create exists in the pthreads failed with the following output:
Change Dir: /home/ubuntu/environment/aws-robomaker-sample-application-helloworld/robot_ws/build/turtlebot3_description_reduced_mesh/CMakeFiles/CMakeTmp

Run Build Command:"/usr/bin/make" "cmTC_51d1e/fast"
/usr/bin/make -f CMakeFiles/cmTC_51d1e.dir/build.make CMakeFiles/cmTC_51d1e.dir/build
make[1]: Entering directory '/home/ubuntu/environment/aws-robomaker-sample-application-helloworld/robot_ws/build/turtlebot3_description_reduced_mesh/CMakeFiles/CMakeTmp'
Building C object CMakeFiles/cmTC_51d1e.dir/CheckFunctionExists.c.o
/usr/bin/cc   -DCHECK_FUNCTION_EXISTS=pthread_create   -o CMakeFiles/cmTC_51d1e.dir/CheckFunctionExists.c.o   -c /usr/share/cmake-3.10/Modules/CheckFunctionExists.c
Linking C executable cmTC_51d1e
/usr/bin/cmake -E cmake_link_script CMakeFiles/cmTC_51d1e.dir/link.txt --verbose=1
/usr/bin/cc  -DCHECK_FUNCTION_EXISTS=pthread_create    -rdynamic CMakeFiles/cmTC_51d1e.dir/CheckFunctionExists.c.o  -o cmTC_51d1e -lpthreads 
/usr/bin/ld: cannot find -lpthreads
collect2: error: ld returned 1 exit status
CMakeFiles/cmTC_51d1e.dir/build.make:97: recipe for target 'cmTC_51d1e' failed
make[1]: *** [cmTC_51d1e] Error 1
make[1]: Leaving directory '/home/ubuntu/environment/aws-robomaker-sample-application-helloworld/robot_ws/build/turtlebot3_description_reduced_mesh/CMakeFiles/CMakeTmp'
Makefile:126: recipe for target 'cmTC_51d1e/fast' failed
make: *** [cmTC_51d1e/fast] Error 2


